<?xml version="1.0" encoding="UTF-8"?>
<!-- Generated by org.testng.reporters.JUnitReportReporter -->
<testsuite ignored="0" hostname="DESKTOP-NKDGSPQ" failures="0" tests="1" name="test.PimTest" time="18.859" errors="0" timestamp="27 Aug 2022 05:11:25 GMT" skipped="0">
  <testcase classname="test.PimTest" name="pimPage" time="18.859"/>
</testsuite> <!-- test.PimTest -->
